<?xml version="1.0" encoding="UTF-8"?>
<coverage generated="1783086549532" clover="3.2.0">
  <project timestamp="1783086549532" name="All files">
    <metrics statements="44" coveredstatements="43" conditionals="27" coveredconditionals="22" methods="22" coveredmethods="21" elements="93" coveredelements="86" complexity="0" loc="44" ncloc="44" packages="6" files="6" classes="6"/>
    <package name="components.Header.Search.SearchModal.SearchResultCard">
      <metrics statements="8" coveredstatements="8" conditionals="7" coveredconditionals="3" methods="2" coveredmethods="2"/>
      <file name="SearchResultCard.tsx" path="C:\Pet\movie(website)\src\components\Header\Search\SearchModal\SearchResultCard\SearchResultCard.tsx">
        <metrics statements="8" coveredstatements="8" conditionals="7" coveredconditionals="3" methods="2" coveredmethods="2"/>
        <line num="13" count="3" type="stmt"/>
        <line num="14" count="3" type="cond" truecount="1" falsecount="2"/>
        <line num="15" count="3" type="cond" truecount="1" falsecount="1"/>
        <line num="16" count="3" type="cond" truecount="1" falsecount="1"/>
        <line num="18" count="3" type="stmt"/>
        <line num="19" count="1" type="stmt"/>
        <line num="20" count="1" type="stmt"/>
        <line num="23" count="3" type="stmt"/>
      </file>
    </package>
    <package name="components.UI.AppButton">
      <metrics statements="1" coveredstatements="1" conditionals="0" coveredconditionals="0" methods="1" coveredmethods="1"/>
      <file name="AppButton.tsx" path="C:\Pet\movie(website)\src\components\UI\AppButton\AppButton.tsx">
        <metrics statements="1" coveredstatements="1" conditionals="0" coveredconditionals="0" methods="1" coveredmethods="1"/>
        <line num="10" count="7" type="stmt"/>
      </file>
    </package>
    <package name="hooks.useGenres">
      <metrics statements="9" coveredstatements="9" conditionals="1" coveredconditionals="1" methods="5" coveredmethods="5"/>
      <file name="useGenres.ts" path="C:\Pet\movie(website)\src\hooks\useGenres\useGenres.ts">
        <metrics statements="9" coveredstatements="9" conditionals="1" coveredconditionals="1" methods="5" coveredmethods="5"/>
        <line num="5" count="1" type="stmt"/>
        <line num="6" count="3" type="cond" truecount="1" falsecount="0"/>
        <line num="11" count="3" type="stmt"/>
        <line num="13" count="3" type="stmt"/>
        <line num="14" count="2" type="stmt"/>
        <line num="19" count="3" type="stmt"/>
        <line num="20" count="3" type="stmt"/>
        <line num="21" count="5" type="stmt"/>
        <line num="26" count="3" type="stmt"/>
      </file>
    </package>
    <package name="shared.constants">
      <metrics statements="4" coveredstatements="4" conditionals="0" coveredconditionals="0" methods="0" coveredmethods="0"/>
      <file name="tmdb.ts" path="C:\Pet\movie(website)\src\shared\constants\tmdb.ts">
        <metrics statements="4" coveredstatements="4" conditionals="0" coveredconditionals="0" methods="0" coveredmethods="0"/>
        <line num="1" count="2" type="stmt"/>
        <line num="2" count="2" type="stmt"/>
        <line num="3" count="2" type="stmt"/>
        <line num="4" count="2" type="stmt"/>
      </file>
    </package>
    <package name="shared.utils">
      <metrics statements="19" coveredstatements="18" conditionals="19" coveredconditionals="18" methods="12" coveredmethods="11"/>
      <file name="media.ts" path="C:\Pet\movie(website)\src\shared\utils\media.ts">
        <metrics statements="19" coveredstatements="18" conditionals="19" coveredconditionals="18" methods="12" coveredmethods="11"/>
        <line num="7" count="3" type="cond" truecount="3" falsecount="0"/>
        <line num="15" count="11" type="stmt"/>
        <line num="19" count="3" type="cond" truecount="2" falsecount="0"/>
        <line num="25" count="2" type="cond" truecount="2" falsecount="0"/>
        <line num="31" count="3" type="cond" truecount="2" falsecount="0"/>
        <line num="34" count="3" type="cond" truecount="2" falsecount="0"/>
        <line num="38" count="2" type="cond" truecount="2" falsecount="0"/>
        <line num="39" count="1" type="stmt"/>
        <line num="41" count="1" type="stmt"/>
        <line num="43" count="2" type="stmt"/>
        <line num="48" count="9" type="cond" truecount="2" falsecount="0"/>
        <line num="53" count="2" type="stmt"/>
        <line num="54" count="5" type="stmt"/>
        <line num="56" count="2" type="stmt"/>
        <line num="57" count="2" type="stmt"/>
        <line num="59" count="2" type="stmt"/>
        <line num="60" count="2" type="stmt"/>
        <line num="62" count="2" type="stmt"/>
        <line num="63" count="0" type="stmt"/>
      </file>
    </package>
    <package name="tests">
      <metrics statements="3" coveredstatements="3" conditionals="0" coveredconditionals="0" methods="2" coveredmethods="2"/>
      <file name="test.utils.tsx" path="C:\Pet\movie(website)\src\tests\test.utils.tsx">
        <metrics statements="3" coveredstatements="3" conditionals="0" coveredconditionals="0" methods="2" coveredmethods="2"/>
        <line num="5" count="2" type="stmt"/>
        <line num="14" count="2" type="stmt"/>
        <line num="15" count="2" type="stmt"/>
      </file>
    </package>
  </project>
</coverage>
