{"C:\\Pet\\movie(website)\\src\\components\\Header\\Search\\SearchModal\\SearchResultCard\\SearchResultCard.tsx": {"path":"C:\\Pet\\movie(website)\\src\\components\\Header\\Search\\SearchModal\\SearchResultCard\\SearchResultCard.tsx","statementMap":{"0":{"start":{"line":13,"column":8},"end":{"line":13,"column":null}},"1":{"start":{"line":14,"column":16},"end":{"line":14,"column":null}},"2":{"start":{"line":15,"column":15},"end":{"line":15,"column":null}},"3":{"start":{"line":16,"column":20},"end":{"line":16,"column":null}},"4":{"start":{"line":18,"column":8},"end":{"line":21,"column":null}},"5":{"start":{"line":19,"column":4},"end":{"line":19,"column":null}},"6":{"start":{"line":20,"column":4},"end":{"line":20,"column":null}},"7":{"start":{"line":23,"column":2},"end":{"line":36,"column":null}}},"fnMap":{"0":{"name":"SearchResultCard","decl":{"start":{"line":12,"column":9},"end":{"line":12,"column":26}},"loc":{"start":{"line":12,"column":52},"end":{"line":38,"column":null}},"line":12},"1":{"name":"(anonymous_1)","decl":{"start":{"line":18,"column":8},"end":{"line":18,"column":28}},"loc":{"start":{"line":18,"column":28},"end":{"line":21,"column":null}},"line":18}},"branchMap":{"0":{"loc":{"start":{"line":14,"column":16},"end":{"line":14,"column":null}},"type":"binary-expr","locations":[{"start":{"line":14,"column":16},"end":{"line":14,"column":30}},{"start":{"line":14,"column":30},"end":{"line":14,"column":43}},{"start":{"line":14,"column":43},"end":{"line":14,"column":null}}],"line":14},"1":{"loc":{"start":{"line":15,"column":15},"end":{"line":15,"column":null}},"type":"binary-expr","locations":[{"start":{"line":15,"column":15},"end":{"line":15,"column":49}},{"start":{"line":15,"column":49},"end":{"line":15,"column":null}}],"line":15},"2":{"loc":{"start":{"line":16,"column":20},"end":{"line":16,"column":null}},"type":"cond-expr","locations":[{"start":{"line":16,"column":50},"end":{"line":16,"column":60}},{"start":{"line":16,"column":60},"end":{"line":16,"column":null}}],"line":16}},"s":{"0":3,"1":3,"2":3,"3":3,"4":3,"5":1,"6":1,"7":3},"f":{"0":3,"1":1},"b":{"0":[3,0,0],"1":[3,0],"2":[3,0]},"meta":{"lastBranch":3,"lastFunction":2,"lastStatement":8,"seen":{"f:12:9:12:26":0,"s:13:8:13:Infinity":0,"s:14:16:14:Infinity":1,"b:14:16:14:30:14:30:14:43:14:43:14:Infinity":0,"s:15:15:15:Infinity":2,"b:15:15:15:49:15:49:15:Infinity":1,"s:16:20:16:Infinity":3,"b:16:50:16:60:16:60:16:Infinity":2,"s:18:8:21:Infinity":4,"f:18:8:18:28":1,"s:19:4:19:Infinity":5,"s:20:4:20:Infinity":6,"s:23:2:36:Infinity":7},"fnNames":{}}}
,"C:\\Pet\\movie(website)\\src\\components\\UI\\AppButton\\AppButton.tsx": {"path":"C:\\Pet\\movie(website)\\src\\components\\UI\\AppButton\\AppButton.tsx","statementMap":{"0":{"start":{"line":10,"column":2},"end":{"line":13,"column":null}}},"fnMap":{"0":{"name":"AppButton","decl":{"start":{"line":9,"column":9},"end":{"line":9,"column":19}},"loc":{"start":{"line":9,"column":70},"end":{"line":15,"column":null}},"line":9}},"branchMap":{},"s":{"0":7},"f":{"0":7},"b":{},"meta":{"lastBranch":0,"lastFunction":1,"lastStatement":1,"seen":{"f:9:9:9:19":0,"s:10:2:13:Infinity":0},"fnNames":{}}}
,"C:\\Pet\\movie(website)\\src\\hooks\\useGenres\\useGenres.ts": {"path":"C:\\Pet\\movie(website)\\src\\hooks\\useGenres\\useGenres.ts","statementMap":{"0":{"start":{"line":5,"column":13},"end":{"line":27,"column":null}},"1":{"start":{"line":6,"column":26},"end":{"line":9,"column":null}},"2":{"start":{"line":11,"column":8},"end":{"line":17,"column":null}},"3":{"start":{"line":13,"column":6},"end":{"line":15,"column":null}},"4":{"start":{"line":14,"column":30},"end":{"line":14,"column":52}},"5":{"start":{"line":19,"column":8},"end":{"line":24,"column":null}},"6":{"start":{"line":20,"column":4},"end":{"line":24,"column":null}},"7":{"start":{"line":21,"column":19},"end":{"line":21,"column":32}},"8":{"start":{"line":26,"column":2},"end":{"line":26,"column":null}}},"fnMap":{"0":{"name":"(anonymous_0)","decl":{"start":{"line":5,"column":13},"end":{"line":5,"column":30}},"loc":{"start":{"line":5,"column":30},"end":{"line":27,"column":null}},"line":5},"1":{"name":"(anonymous_1)","decl":{"start":{"line":11,"column":20},"end":{"line":11,"column":null}},"loc":{"start":{"line":13,"column":6},"end":{"line":15,"column":null}},"line":13},"2":{"name":"(anonymous_2)","decl":{"start":{"line":14,"column":15},"end":{"line":14,"column":20}},"loc":{"start":{"line":14,"column":30},"end":{"line":14,"column":52}},"line":14},"3":{"name":"(anonymous_3)","decl":{"start":{"line":19,"column":8},"end":{"line":19,"column":25}},"loc":{"start":{"line":20,"column":4},"end":{"line":24,"column":null}},"line":20},"4":{"name":"(anonymous_4)","decl":{"start":{"line":21,"column":7},"end":{"line":21,"column":12}},"loc":{"start":{"line":21,"column":19},"end":{"line":21,"column":32}},"line":21}},"branchMap":{"0":{"loc":{"start":{"line":6,"column":16},"end":{"line":6,"column":32}},"type":"default-arg","locations":[{"start":{"line":6,"column":25},"end":{"line":6,"column":32}}],"line":6}},"s":{"0":1,"1":3,"2":3,"3":3,"4":2,"5":3,"6":3,"7":5,"8":3},"f":{"0":3,"1":3,"2":2,"3":3,"4":5},"b":{"0":[3]},"meta":{"lastBranch":1,"lastFunction":5,"lastStatement":9,"seen":{"s:5:13:27:Infinity":0,"f:5:13:5:30":0,"s:6:26:9:Infinity":1,"b:6:25:6:32":0,"s:11:8:17:Infinity":2,"f:11:20:11:Infinity":1,"s:13:6:15:Infinity":3,"f:14:15:14:20":2,"s:14:30:14:52":4,"s:19:8:24:Infinity":5,"f:19:8:19:25":3,"s:20:4:24:Infinity":6,"f:21:7:21:12":4,"s:21:19:21:32":7,"s:26:2:26:Infinity":8},"fnNames":{}}}
,"C:\\Pet\\movie(website)\\src\\shared\\constants\\tmdb.ts": {"path":"C:\\Pet\\movie(website)\\src\\shared\\constants\\tmdb.ts","statementMap":{"0":{"start":{"line":1,"column":30},"end":{"line":1,"column":null}},"1":{"start":{"line":2,"column":34},"end":{"line":2,"column":null}},"2":{"start":{"line":3,"column":42},"end":{"line":3,"column":null}},"3":{"start":{"line":4,"column":33},"end":{"line":4,"column":null}}},"fnMap":{},"branchMap":{},"s":{"0":2,"1":2,"2":2,"3":2},"f":{},"b":{},"meta":{"lastBranch":0,"lastFunction":0,"lastStatement":4,"seen":{"s:1:30:1:Infinity":0,"s:2:34:2:Infinity":1,"s:3:42:3:Infinity":2,"s:4:33:4:Infinity":3},"fnNames":{}}}
,"C:\\Pet\\movie(website)\\src\\shared\\utils\\media.ts": {"path":"C:\\Pet\\movie(website)\\src\\shared\\utils\\media.ts","statementMap":{"0":{"start":{"line":7,"column":2},"end":{"line":10,"column":null}},"1":{"start":{"line":15,"column":2},"end":{"line":15,"column":null}},"2":{"start":{"line":19,"column":2},"end":{"line":21,"column":null}},"3":{"start":{"line":25,"column":2},"end":{"line":27,"column":null}},"4":{"start":{"line":31,"column":15},"end":{"line":33,"column":null}},"5":{"start":{"line":34,"column":2},"end":{"line":34,"column":null}},"6":{"start":{"line":38,"column":2},"end":{"line":40,"column":null}},"7":{"start":{"line":39,"column":4},"end":{"line":39,"column":null}},"8":{"start":{"line":41,"column":2},"end":{"line":44,"column":null}},"9":{"start":{"line":43,"column":20},"end":{"line":43,"column":30}},"10":{"start":{"line":48,"column":2},"end":{"line":50,"column":null}},"11":{"start":{"line":53,"column":13},"end":{"line":54,"column":null}},"12":{"start":{"line":54,"column":2},"end":{"line":54,"column":null}},"13":{"start":{"line":56,"column":13},"end":{"line":57,"column":null}},"14":{"start":{"line":57,"column":2},"end":{"line":57,"column":null}},"15":{"start":{"line":59,"column":13},"end":{"line":60,"column":null}},"16":{"start":{"line":60,"column":2},"end":{"line":60,"column":null}},"17":{"start":{"line":62,"column":13},"end":{"line":63,"column":null}},"18":{"start":{"line":63,"column":2},"end":{"line":63,"column":null}}},"fnMap":{"0":{"name":"getMediaTitle","decl":{"start":{"line":6,"column":16},"end":{"line":6,"column":30}},"loc":{"start":{"line":6,"column":50},"end":{"line":12,"column":null}},"line":6},"1":{"name":"isMovie","decl":{"start":{"line":14,"column":16},"end":{"line":14,"column":24}},"loc":{"start":{"line":14,"column":69},"end":{"line":16,"column":null}},"line":14},"2":{"name":"getDurationInfo","decl":{"start":{"line":18,"column":16},"end":{"line":18,"column":32}},"loc":{"start":{"line":18,"column":52},"end":{"line":22,"column":null}},"line":18},"3":{"name":"getDurationLabel","decl":{"start":{"line":24,"column":16},"end":{"line":24,"column":33}},"loc":{"start":{"line":24,"column":52},"end":{"line":28,"column":null}},"line":24},"4":{"name":"getYear","decl":{"start":{"line":30,"column":16},"end":{"line":30,"column":24}},"loc":{"start":{"line":30,"column":44},"end":{"line":35,"column":null}},"line":30},"5":{"name":"getGenres","decl":{"start":{"line":37,"column":16},"end":{"line":37,"column":27}},"loc":{"start":{"line":37,"column":47},"end":{"line":45,"column":null}},"line":37},"6":{"name":"(anonymous_6)","decl":{"start":{"line":43,"column":5},"end":{"line":43,"column":10}},"loc":{"start":{"line":43,"column":20},"end":{"line":43,"column":30}},"line":43},"7":{"name":"getImageUrl","decl":{"start":{"line":47,"column":9},"end":{"line":47,"column":21}},"loc":{"start":{"line":47,"column":53},"end":{"line":51,"column":null}},"line":47},"8":{"name":"(anonymous_8)","decl":{"start":{"line":53,"column":13},"end":{"line":53,"column":29}},"loc":{"start":{"line":54,"column":2},"end":{"line":54,"column":null}},"line":54},"9":{"name":"(anonymous_9)","decl":{"start":{"line":56,"column":13},"end":{"line":56,"column":27}},"loc":{"start":{"line":57,"column":2},"end":{"line":57,"column":null}},"line":57},"10":{"name":"(anonymous_10)","decl":{"start":{"line":59,"column":13},"end":{"line":59,"column":31}},"loc":{"start":{"line":60,"column":2},"end":{"line":60,"column":null}},"line":60},"11":{"name":"(anonymous_11)","decl":{"start":{"line":62,"column":13},"end":{"line":62,"column":29}},"loc":{"start":{"line":63,"column":2},"end":{"line":63,"column":null}},"line":63}},"branchMap":{"0":{"loc":{"start":{"line":7,"column":2},"end":{"line":10,"column":null}},"type":"binary-expr","locations":[{"start":{"line":8,"column":5},"end":{"line":8,"column":null}},{"start":{"line":9,"column":5},"end":{"line":9,"column":null}},{"start":{"line":10,"column":4},"end":{"line":10,"column":null}}],"line":7},"1":{"loc":{"start":{"line":19,"column":9},"end":{"line":21,"column":null}},"type":"cond-expr","locations":[{"start":{"line":20,"column":6},"end":{"line":20,"column":null}},{"start":{"line":21,"column":6},"end":{"line":21,"column":null}}],"line":19},"2":{"loc":{"start":{"line":20,"column":9},"end":{"line":20,"column":29}},"type":"binary-expr","locations":[{"start":{"line":20,"column":9},"end":{"line":20,"column":25}},{"start":{"line":20,"column":25},"end":{"line":20,"column":29}}],"line":20},"3":{"loc":{"start":{"line":21,"column":9},"end":{"line":21,"column":39}},"type":"binary-expr","locations":[{"start":{"line":21,"column":9},"end":{"line":21,"column":35}},{"start":{"line":21,"column":35},"end":{"line":21,"column":39}}],"line":21},"4":{"loc":{"start":{"line":25,"column":9},"end":{"line":27,"column":null}},"type":"cond-expr","locations":[{"start":{"line":26,"column":4},"end":{"line":26,"column":null}},{"start":{"line":27,"column":4},"end":{"line":27,"column":null}}],"line":25},"5":{"loc":{"start":{"line":31,"column":15},"end":{"line":33,"column":null}},"type":"cond-expr","locations":[{"start":{"line":32,"column":6},"end":{"line":32,"column":null}},{"start":{"line":33,"column":6},"end":{"line":33,"column":null}}],"line":31},"6":{"loc":{"start":{"line":34,"column":9},"end":{"line":34,"column":null}},"type":"cond-expr","locations":[{"start":{"line":34,"column":9},"end":{"line":34,"column":49}},{"start":{"line":34,"column":49},"end":{"line":34,"column":null}}],"line":34},"7":{"loc":{"start":{"line":38,"column":2},"end":{"line":40,"column":null}},"type":"if","locations":[{"start":{"line":38,"column":2},"end":{"line":40,"column":null}},{"start":{},"end":{}}],"line":38},"8":{"loc":{"start":{"line":48,"column":9},"end":{"line":50,"column":null}},"type":"cond-expr","locations":[{"start":{"line":49,"column":6},"end":{"line":49,"column":null}},{"start":{"line":50,"column":6},"end":{"line":50,"column":null}}],"line":48}},"s":{"0":3,"1":11,"2":3,"3":2,"4":3,"5":3,"6":2,"7":1,"8":1,"9":2,"10":9,"11":2,"12":5,"13":2,"14":2,"15":2,"16":2,"17":2,"18":0},"f":{"0":3,"1":11,"2":3,"3":2,"4":3,"5":2,"6":2,"7":9,"8":5,"9":2,"10":2,"11":0},"b":{"0":[3,2,1],"1":[2,1],"2":[2,1],"3":[1,0],"4":[1,1],"5":[1,2],"6":[2,1],"7":[1,1],"8":[6,3]},"meta":{"lastBranch":9,"lastFunction":12,"lastStatement":19,"seen":{"f:6:16:6:30":0,"s:7:2:10:Infinity":0,"b:8:5:8:Infinity:9:5:9:Infinity:10:4:10:Infinity":0,"f:14:16:14:24":1,"s:15:2:15:Infinity":1,"f:18:16:18:32":2,"s:19:2:21:Infinity":2,"b:20:6:20:Infinity:21:6:21:Infinity":1,"b:20:9:20:25:20:25:20:29":2,"b:21:9:21:35:21:35:21:39":3,"f:24:16:24:33":3,"s:25:2:27:Infinity":3,"b:26:4:26:Infinity:27:4:27:Infinity":4,"f:30:16:30:24":4,"s:31:15:33:Infinity":4,"b:32:6:32:Infinity:33:6:33:Infinity":5,"s:34:2:34:Infinity":5,"b:34:9:34:49:34:49:34:Infinity":6,"f:37:16:37:27":5,"b:38:2:40:Infinity:undefined:undefined:undefined:undefined":7,"s:38:2:40:Infinity":6,"s:39:4:39:Infinity":7,"s:41:2:44:Infinity":8,"f:43:5:43:10":6,"s:43:20:43:30":9,"f:47:9:47:21":7,"s:48:2:50:Infinity":10,"b:49:6:49:Infinity:50:6:50:Infinity":8,"s:53:13:54:Infinity":11,"f:53:13:53:29":8,"s:54:2:54:Infinity":12,"s:56:13:57:Infinity":13,"f:56:13:56:27":9,"s:57:2:57:Infinity":14,"s:59:13:60:Infinity":15,"f:59:13:59:31":10,"s:60:2:60:Infinity":16,"s:62:13:63:Infinity":17,"f:62:13:62:29":11,"s:63:2:63:Infinity":18},"fnNames":{}}}
,"C:\\Pet\\movie(website)\\src\\tests\\test.utils.tsx": {"path":"C:\\Pet\\movie(website)\\src\\tests\\test.utils.tsx","statementMap":{"0":{"start":{"line":5,"column":22},"end":{"line":12,"column":null}},"1":{"start":{"line":14,"column":2},"end":{"line":18,"column":null}},"2":{"start":{"line":15,"column":4},"end":{"line":16,"column":null}}},"fnMap":{"0":{"name":"createQueryWrapper","decl":{"start":{"line":4,"column":16},"end":{"line":4,"column":37}},"loc":{"start":{"line":4,"column":37},"end":{"line":19,"column":null}},"line":4},"1":{"name":"Wrapper","decl":{"start":{"line":14,"column":18},"end":{"line":14,"column":26}},"loc":{"start":{"line":14,"column":65},"end":{"line":18,"column":null}},"line":14}},"branchMap":{},"s":{"0":2,"1":2,"2":2},"f":{"0":2,"1":2},"b":{},"meta":{"lastBranch":0,"lastFunction":2,"lastStatement":3,"seen":{"f:4:16:4:37":0,"s:5:22:12:Infinity":0,"s:14:2:18:Infinity":1,"f:14:18:14:26":1,"s:15:4:16:Infinity":2},"fnNames":{}}}
}
